<?xml version="1.0" encoding="UTF-8"?>
<!-- Generated by org.testng.reporters.JUnitReportReporter -->
<testsuite hostname="WKWIN9751619" failures="0" tests="1" name="php.verifysite" time="0.549" errors="0" timestamp="17 Nov 2019 14:03:15 GMT" skipped="0">
  <testcase classname="php.verifysite" name="verifytext" time="0.549"/>
</testsuite> <!-- php.verifysite -->
